<?xml version="1.0" encoding="UTF-8"?>
<!-- Generated by org.testng.reporters.JUnitReportReporter -->
<testsuite skipped="0" hostname="MohamedMurtuza" name="automationFramework.Base" tests="1" failures="0" timestamp="2020-04-15T11:13:44 IST" time="8.755" errors="0">
  <testcase name="initializeDriver" time="8.755" classname="automationFramework.Base"/>
  <system-out/>
</testsuite> <!-- automationFramework.Base -->
