<?xml version="1.0" encoding="UTF-8"?>
<!-- Generated by org.testng.reporters.JUnitReportReporter -->
<testsuite skipped="0" hostname="MohamedMurtuza" name="automationFramework.NavigationBarVa" tests="1" failures="0" timestamp="2020-04-22T18:32:02 IST" time="0.086" errors="0">
  <testcase name="navigation" time="0.086" classname="automationFramework.NavigationBarVa"/>
  <system-out/>
</testsuite> <!-- automationFramework.NavigationBarVa -->
