<?xml version="1.0" encoding="UTF-8"?>
<!-- Generated by org.testng.reporters.JUnitReportReporter -->
<testsuite skipped="0" hostname="MohamedMurtuza" name="automationFramework.HomePage" tests="1" failures="0" timestamp="2020-04-22T18:32:02 IST" time="9.785" errors="0">
  <testcase name="basePageNavigation" time="9.785" classname="automationFramework.HomePage"/>
  <system-out/>
</testsuite> <!-- automationFramework.HomePage -->
