<?xml version="1.0" encoding="UTF-8"?>
<!-- Generated by org.testng.reporters.JUnitReportReporter -->
<testsuite hostname="MohamedMurtuza" name="automationFramework.NavigationBarVa" tests="1" failures="0" timestamp="22 Apr 2020 12:57:37 GMT" time="0.127" errors="0">
  <testcase name="navigation" time="0.127" classname="automationFramework.NavigationBarVa"/>
</testsuite> <!-- automationFramework.NavigationBarVa -->
