<?xml version="1.0" encoding="UTF-8"?>
<!-- Generated by org.testng.reporters.JUnitReportReporter -->
<testsuite hostname="MohamedMurtuza" name="automationFramework.HomePage" tests="1" failures="0" timestamp="22 Apr 2020 12:57:37 GMT" time="8.478" errors="0">
  <testcase name="basePageNavigation" time="8.478" classname="automationFramework.HomePage"/>
</testsuite> <!-- automationFramework.HomePage -->
